%!Adobe-FontList 1.18
%Locale:0x409

%BeginFont
Handler:DirectoryHandler
FontType:TrueType
FontName:Merriweather-Regular
FamilyName:Merriweather
StyleName:Regular
MenuName:Merriweather
StyleBits:0
WeightClass:400
WidthClass:5
AngleClass:0
FullName:Merriweather Regular
WritingScript:Roman
OutlineFileName:\Merriweather-Regular.ttf
DataFormat:sfntData
hasSVG:no
FileLength:156096
FileModTime:1305075600
NameArray:0,Mac,4,Merriweather Regular
NameArray:0,Win,1,Merriweather
%EndFont

%BeginFont
Handler:DirectoryHandler
FontType:TrueType
FontName:Raleway-ExtraLight
FamilyName:Raleway
StyleName:ExtraLight
MenuName:Raleway ExtraLight
StyleBits:0
WeightClass:275
WidthClass:5
AngleClass:0
FullName:Raleway ExtraLight
WritingScript:Roman
OutlineFileName:\Raleway-ExtraLight.ttf
DataFormat:sfntData
hasSVG:no
FileLength:176344
FileModTime:1346979600
NameArray:0,Mac,4,Raleway ExtraLight
NameArray:0,Win,1,Raleway ExtraLight
NameArray:0,Win,16,Raleway
%EndFont

%BeginFont
Handler:DirectoryHandler
FontType:TrueType
FontName:Raleway-Medium
FamilyName:Raleway
StyleName:Medium
MenuName:Raleway Medium
StyleBits:0
WeightClass:500
WidthClass:5
AngleClass:0
FullName:Raleway Medium
WritingScript:Roman
OutlineFileName:\Raleway-Medium.ttf
DataFormat:sfntData
hasSVG:no
FileLength:179444
FileModTime:1346979600
NameArray:0,Mac,4,Raleway Medium
NameArray:0,Win,1,Raleway Medium
NameArray:0,Win,16,Raleway
%EndFont

%BeginFont
Handler:DirectoryHandler
FontType:TrueType
FontName:Raleway-SemiBold
FamilyName:Raleway
StyleName:SemiBold
MenuName:Raleway SemiBold
StyleBits:0
WeightClass:600
WidthClass:5
AngleClass:0
FullName:Raleway SemiBold
WritingScript:Roman
OutlineFileName:\Raleway-SemiBold.ttf
DataFormat:sfntData
hasSVG:no
FileLength:180492
FileModTime:1346979600
NameArray:0,Mac,4,Raleway SemiBold
NameArray:0,Win,1,Raleway SemiBold
NameArray:0,Win,16,Raleway
%EndFont

%BeginFont
Handler:DirectoryHandler
FontType:TrueType
FontName:Raleway-Regular
FamilyName:Raleway
StyleName:Regular
MenuName:Raleway
StyleBits:0
WeightClass:400
WidthClass:5
AngleClass:0
FullName:Raleway
WritingScript:Roman
OutlineFileName:\Raleway-Regular.ttf
DataFormat:sfntData
hasSVG:no
FileLength:178520
FileModTime:1346979600
NameArray:0,Mac,4,Raleway
NameArray:0,Win,1,Raleway
%EndFont

%BeginFont
Handler:DirectoryHandler
FontType:Type1
FontName:Alcubierre
FamilyName:Alcubierre
StyleName:Regular
MenuName:Alcubierre
StyleBits:0
WeightClass:400
WidthClass:5
AngleClass:0
FullName:Alcubierre
WritingScript:Roman
OutlineFileName:\Alcubierre.otf
DataFormat:sfntData
UsesStandardEncoding:yes
isCFF:yes
hasSVG:no
FileLength:24524
FileModTime:1506921716
NameArray:0,Mac,4,Alcubierre
NameArray:0,Win,1,Alcubierre
%EndFont

%BeginFont
Handler:DirectoryHandler
FontType:TrueType
FontName:Raleway-Light
FamilyName:Raleway
StyleName:Light
MenuName:Raleway Light
StyleBits:0
WeightClass:300
WidthClass:5
AngleClass:0
FullName:Raleway Light
WritingScript:Roman
OutlineFileName:\Raleway-Light.ttf
DataFormat:sfntData
hasSVG:no
FileLength:182376
FileModTime:1346979600
NameArray:0,Mac,4,Raleway Light
NameArray:0,Win,1,Raleway Light
NameArray:0,Win,16,Raleway
%EndFont

%BeginFont
Handler:DirectoryHandler
FontType:Type1
FontName:MinionPro-Regular
FamilyName:Minion Pro
StyleName:Regular
MenuName:Minion Pro
StyleBits:0
WeightClass:400
WidthClass:5
AngleClass:0
FullName:Minion Pro
WritingScript:Roman
OutlineFileName:\MinionPro-Regular.otf
DataFormat:sfntData
UsesStandardEncoding:yes
isCFF:yes
hasSVG:no
FileLength:218640
FileModTime:1506552387
DesignSize:110
NameArray:0,Mac,4,Minion Pro
NameArray:0,Win,1,Minion Pro
%EndFont

%BeginFont
Handler:DirectoryHandler
FontType:TrueType
FontName:Montserrat-Regular
FamilyName:Montserrat
StyleName:Regular
MenuName:Montserrat
StyleBits:0
WeightClass:400
WidthClass:5
AngleClass:0
FullName:Montserrat Regular
WritingScript:Roman
OutlineFileName:\Montserrat-Regular.ttf
DataFormat:sfntData
hasSVG:no
FileLength:190648
FileModTime:1323730800
NameArray:0,Mac,4,Montserrat Regular
NameArray:0,Win,1,Montserrat
%EndFont

